This is pdfTeX, Version 3.14159265-2.6-1.40.18 (TeX Live 2017) (preloaded format=pdflatex 2017.5.23)  12 DEC 2017 21:49
entering extended mode
 restricted \write18 enabled.
 %&-line parsing enabled.
**Manual.tex
(./Manual.tex
LaTeX2e <2017-04-15>
Babel <3.10> and hyphenation patterns for 84 language(s) loaded.
(/usr/local/texlive/2017/texmf-dist/tex/latex/base/article.cls
Document Class: article 2014/09/29 v1.4h Standard LaTeX document class
(/usr/local/texlive/2017/texmf-dist/tex/latex/base/size10.clo
File: size10.clo 2014/09/29 v1.4h Standard LaTeX file (size option)
)
\c@part=\count79
\c@section=\count80
\c@subsection=\count81
\c@subsubsection=\count82
\c@paragraph=\count83
\c@subparagraph=\count84
\c@figure=\count85
\c@table=\count86
\abovecaptionskip=\skip41
\belowcaptionskip=\skip42
\bibindent=\dimen102
)
(/usr/local/texlive/2017/texmf-dist/tex/latex/graphics/graphicx.sty
Package: graphicx 2014/10/28 v1.0g Enhanced LaTeX Graphics (DPC,SPQR)

(/usr/local/texlive/2017/texmf-dist/tex/latex/graphics/keyval.sty
Package: keyval 2014/10/28 v1.15 key=value parser (DPC)
\KV@toks@=\toks14
)
(/usr/local/texlive/2017/texmf-dist/tex/latex/graphics/graphics.sty
Package: graphics 2017/04/14 v1.1b Standard LaTeX Graphics (DPC,SPQR)

(/usr/local/texlive/2017/texmf-dist/tex/latex/graphics/trig.sty
Package: trig 2016/01/03 v1.10 sin cos tan (DPC)
)
(/usr/local/texlive/2017/texmf-dist/tex/latex/graphics-cfg/graphics.cfg
File: graphics.cfg 2016/06/04 v1.11 sample graphics configuration
)
Package graphics Info: Driver file: pdftex.def on input line 99.

(/usr/local/texlive/2017/texmf-dist/tex/latex/graphics-def/pdftex.def
File: pdftex.def 2017/01/12 v0.06k Graphics/color for pdfTeX

(/usr/local/texlive/2017/texmf-dist/tex/generic/oberdiek/infwarerr.sty
Package: infwarerr 2016/05/16 v1.4 Providing info/warning/error messages (HO)
)
(/usr/local/texlive/2017/texmf-dist/tex/generic/oberdiek/ltxcmds.sty
Package: ltxcmds 2016/05/16 v1.23 LaTeX kernel commands for general use (HO)
)
\Gread@gobject=\count87
))
\Gin@req@height=\dimen103
\Gin@req@width=\dimen104
)
(/usr/local/texlive/2017/texmf-dist/tex/latex/graphics/color.sty
Package: color 2016/07/10 v1.1e Standard LaTeX Color (DPC)

(/usr/local/texlive/2017/texmf-dist/tex/latex/graphics-cfg/color.cfg
File: color.cfg 2016/01/02 v1.6 sample color configuration
)
Package color Info: Driver file: pdftex.def on input line 147.
)
(/usr/local/texlive/2017/texmf-dist/tex/latex/framed/framed.sty
Package: framed 2011/10/22 v 0.96: framed or shaded text with page breaks
\OuterFrameSep=\skip43
\fb@frw=\dimen105
\fb@frh=\dimen106
\FrameRule=\dimen107
\FrameSep=\dimen108
)
(/usr/local/texlive/2017/texmf-dist/tex/latex/base/alltt.sty
Package: alltt 1997/06/16 v2.0g defines alltt environment
)
(/usr/local/texlive/2017/texmf-dist/tex/latex/upquote/upquote.sty
Package: upquote 2012/04/19 v1.3 upright-quote and grave-accent glyphs in verba
tim
)
(./Manual.aux)
\openout1 = `Manual.aux'.

LaTeX Font Info:    Checking defaults for OML/cmm/m/it on input line 56.
LaTeX Font Info:    ... okay on input line 56.
LaTeX Font Info:    Checking defaults for T1/cmr/m/n on input line 56.
LaTeX Font Info:    ... okay on input line 56.
LaTeX Font Info:    Checking defaults for OT1/cmr/m/n on input line 56.
LaTeX Font Info:    ... okay on input line 56.
LaTeX Font Info:    Checking defaults for OMS/cmsy/m/n on input line 56.
LaTeX Font Info:    ... okay on input line 56.
LaTeX Font Info:    Checking defaults for OMX/cmex/m/n on input line 56.
LaTeX Font Info:    ... okay on input line 56.
LaTeX Font Info:    Checking defaults for U/cmr/m/n on input line 56.
LaTeX Font Info:    ... okay on input line 56.

(/usr/local/texlive/2017/texmf-dist/tex/context/base/mkii/supp-pdf.mkii
[Loading MPS to PDF converter (version 2006.09.02).]
\scratchcounter=\count88
\scratchdimen=\dimen109
\scratchbox=\box26
\nofMPsegments=\count89
\nofMParguments=\count90
\everyMPshowfont=\toks15
\MPscratchCnt=\count91
\MPscratchDim=\dimen110
\MPnumerator=\count92
\makeMPintoPDFobject=\count93
\everyMPtoPDFconversion=\toks16
) (/usr/local/texlive/2017/texmf-dist/tex/generic/oberdiek/pdftexcmds.sty
Package: pdftexcmds 2017/03/19 v0.25 Utility functions of pdfTeX for LuaTeX (HO
)

(/usr/local/texlive/2017/texmf-dist/tex/generic/oberdiek/ifluatex.sty
Package: ifluatex 2016/05/16 v1.4 Provides the ifluatex switch (HO)
Package ifluatex Info: LuaTeX not detected.
)
(/usr/local/texlive/2017/texmf-dist/tex/generic/oberdiek/ifpdf.sty
Package: ifpdf 2017/03/15 v3.2 Provides the ifpdf switch
)
Package pdftexcmds Info: LuaTeX not detected.
Package pdftexcmds Info: \pdf@primitive is available.
Package pdftexcmds Info: \pdf@ifprimitive is available.
Package pdftexcmds Info: \pdfdraftmode found.
)
(/usr/local/texlive/2017/texmf-dist/tex/latex/oberdiek/epstopdf-base.sty
Package: epstopdf-base 2016/05/15 v2.6 Base part for package epstopdf

(/usr/local/texlive/2017/texmf-dist/tex/latex/oberdiek/grfext.sty
Package: grfext 2016/05/16 v1.2 Manage graphics extensions (HO)

(/usr/local/texlive/2017/texmf-dist/tex/generic/oberdiek/kvdefinekeys.sty
Package: kvdefinekeys 2016/05/16 v1.4 Define keys (HO)
))
(/usr/local/texlive/2017/texmf-dist/tex/latex/oberdiek/kvoptions.sty
Package: kvoptions 2016/05/16 v3.12 Key value format for package options (HO)

(/usr/local/texlive/2017/texmf-dist/tex/generic/oberdiek/kvsetkeys.sty
Package: kvsetkeys 2016/05/16 v1.17 Key value parser (HO)

(/usr/local/texlive/2017/texmf-dist/tex/generic/oberdiek/etexcmds.sty
Package: etexcmds 2016/05/16 v1.6 Avoid name clashes with e-TeX commands (HO)
Package etexcmds Info: Could not find \expanded.
(etexcmds)             That can mean that you are not using pdfTeX 1.50 or
(etexcmds)             that some package has redefined \expanded.
(etexcmds)             In the latter case, load this package earlier.
)))
Package epstopdf-base Info: Redefining graphics rule for `.eps' on input line 4
38.
Package grfext Info: Graphics extension search list:
(grfext)             [.png,.pdf,.jpg,.mps,.jpeg,.jbig2,.jb2,.PNG,.PDF,.JPG,.JPE
G,.JBIG2,.JB2,.eps]
(grfext)             \AppendGraphicsExtensions on input line 456.

(/usr/local/texlive/2017/texmf-dist/tex/latex/latexconfig/epstopdf-sys.cfg
File: epstopdf-sys.cfg 2010/07/13 v1.3 Configuration of (r)epstopdf for TeX Liv
e
))
LaTeX Font Info:    External font `cmex10' loaded for size
(Font)              <12> on input line 61.
LaTeX Font Info:    External font `cmex10' loaded for size
(Font)              <8> on input line 61.
LaTeX Font Info:    External font `cmex10' loaded for size
(Font)              <6> on input line 61.

[1

{/usr/local/texlive/2017/texmf-var/fonts/map/pdftex/updmap/pdftex.map}]
Package color Info: Redefining color shadecolor on input line 89.
LaTeX Font Info:    Font shape `OT1/cmtt/bx/n' in size <10> not available
(Font)              Font shape `OT1/cmtt/m/n' tried instead on input line 91.
Package color Info: Redefining color shadecolor on input line 102.
Package color Info: Redefining color shadecolor on input line 115.

Overfull \hbox (85.49625pt too wide) in paragraph at lines 129--129
[]\OT1/cmtt/m/n/10 ## Error in initialization(C = C, P = P): could not find fun
ction "initialization"[] 
 []

Package color Info: Redefining color shadecolor on input line 134.

Overfull \hbox (26.27675pt too wide) in paragraph at lines 141--141
[]\OT1/cmtt/m/n/10 ## Error in summary(results$fittest[]model): object 'results
' not found[] 
 []

[2]
Package color Info: Redefining color shadecolor on input line 147.

Overfull \hbox (11.99689pt too wide) in paragraph at lines 153--153
[]\OT1/cmtt/m/n/10 ## Error in nrow(results$fitnessScores): object 'results' no
t found[] 
 []


Overfull \hbox (11.99689pt too wide) in paragraph at lines 158--158
[]\OT1/cmtt/m/n/10 ## Error in ncol(results$fitnessScores): object 'results' no
t found[] 
 []


Overfull \hbox (6.74693pt too wide) in paragraph at lines 173--173
[]\OT1/cmtt/m/n/10 ## Error in plot(X, Y, xlab = "generation", ylab = "AIC", pc
h = 19,
 []


Overfull \hbox (59.24648pt too wide) in paragraph at lines 174--174
[][]\OT1/cmtt/m/n/10 lines[][]([][]seq[][](g),[][]apply[][](results[][]$[][]fit
nessScores,[][]FUN[][]=min,[][]MARGIN[][]=[][]2[][]),[][]lty[][]=[][]1[][],[][]
col[][]=[][]^^Mgreen^^M[][])[][] 
 []

Package color Info: Redefining color shadecolor on input line 185.

Overfull \hbox (87.23236pt too wide) in paragraph at lines 194--194
[][]\OT1/cmtt/m/n/10 K[][]<-[][]2[] []\OT1/cmtt/m/it/10 # which method to use f
or parent selection  ### Fix documentation for this ##[][] 
 []

LaTeX Font Info:    Try loading font information for OMS+cmtt on input line 195
.
(/Library/Frameworks/R.framework/Resources/share/texmf/tex/latex/omscmtt.fd
File: omscmtt.fd 
)
LaTeX Font Info:    Font shape `OMS/cmtt/m/n' in size <10> not available
(Font)              Font shape `OMS/cmsy/m/n' tried instead on input line 195.

Overfull \hbox (97.23239pt too wide) in paragraph at lines 195--195
[][]\OT1/cmtt/m/n/10 f[][]<-[][]function[][]([][]fit[][],[][]...[][])\OMS/cmsy/
m/n/10 f[][]\OT1/cmtt/m/n/10 return[][]([][]extractAIC[][](fit,...)[[][]2[][]])
\OMS/cmsy/m/n/10 g[] []\OT1/cmtt/m/it/10 # doesn^^Mt seem to be working **[][] 

 []


Overfull \hbox (43.49661pt too wide) in paragraph at lines 196--196
[][]\OT1/cmtt/m/n/10 results[][]<-[][]select[][](dat,[][]P[][]=P,[][]mod[][]=mo
d,[][]numGens[][]=numGens,[][]G[][]=G,[][]K[][]=K,[][]fitnessFunction[][]=f)[][
] 
 []


Overfull \hbox (85.49625pt too wide) in paragraph at lines 200--200
[]\OT1/cmtt/m/n/10 ## Error in initialization(C = C, P = P): could not find fun
ction "initialization"[] 
 []

[3]
Package color Info: Redefining color shadecolor on input line 206.

Overfull \hbox (11.99689pt too wide) in paragraph at lines 212--212
[]\OT1/cmtt/m/n/10 ## Error in nrow(results$fitnessScores): object 'results' no
t found[] 
 []


Overfull \hbox (11.99689pt too wide) in paragraph at lines 217--217
[]\OT1/cmtt/m/n/10 ## Error in ncol(results$fitnessScores): object 'results' no
t found[] 
 []


Overfull \hbox (6.74693pt too wide) in paragraph at lines 232--232
[]\OT1/cmtt/m/n/10 ## Error in plot(X, Y, xlab = "generation", ylab = "AIC", pc
h = 19,
 []


Overfull \hbox (59.24648pt too wide) in paragraph at lines 233--233
[][]\OT1/cmtt/m/n/10 lines[][]([][]seq[][](g),[][]apply[][](results[][]$[][]fit
nessScores,[][]FUN[][]=min,[][]MARGIN[][]=[][]2[][]),[][]lty[][]=[][]1[][],[][]
col[][]=[][]^^Mgreen^^M[][])[][] 
 []

Package color Info: Redefining color shadecolor on input line 244.

Overfull \hbox (69.74638pt too wide) in paragraph at lines 249--249
[][]\OT1/cmtt/m/n/10 step[][](null,[] []scope[][]=[][]list[][]([][]lower[][]=nu
ll,[] []upper[][]=full),[] []direction[][]=[][]"forward"[][],[][]trace[][]=[][]
FALSE[][])[][] 
 []

[4]
Package color Info: Redefining color shadecolor on input line 265.
 [5] (./Manual.aux) ) 
Here is how much of TeX's memory you used:
 1651 strings out of 492995
 24113 string characters out of 6132704
 87331 words of memory out of 5000000
 5193 multiletter control sequences out of 15000+600000
 7616 words of font info for 28 fonts, out of 8000000 for 9000
 1141 hyphenation exceptions out of 8191
 39i,6n,25p,571b,280s stack positions out of 5000i,500n,10000p,200000b,80000s
</usr/local/texlive/2017/texmf-dist/fonts/type1/public/ams
fonts/cm/cmbx12.pfb></usr/local/texlive/2017/texmf-dist/fonts/type1/public/amsf
onts/cm/cmitt10.pfb></usr/local/texlive/2017/texmf-dist/fonts/type1/public/amsf
onts/cm/cmr10.pfb></usr/local/texlive/2017/texmf-dist/fonts/type1/public/amsfon
ts/cm/cmr12.pfb></usr/local/texlive/2017/texmf-dist/fonts/type1/public/amsfonts
/cm/cmr17.pfb></usr/local/texlive/2017/texmf-dist/fonts/type1/public/amsfonts/c
m/cmsy10.pfb></usr/local/texlive/2017/texmf-dist/fonts/type1/public/amsfonts/cm
/cmtt10.pfb>
Output written on Manual.pdf (5 pages, 100819 bytes).
PDF statistics:
 48 PDF objects out of 1000 (max. 8388607)
 33 compressed objects within 1 object stream
 0 named destinations out of 1000 (max. 500000)
 1 words of extra memory for PDF output out of 10000 (max. 10000000)

